<?xml version="1.0" encoding="utf-8"?><testsuites name="pytest tests"><testsuite name="pytest" errors="0" failures="0" skipped="0" tests="15" time="1.048" timestamp="2026-04-23T16:10:53.950374+00:00" hostname="agent-env-e6fd7a19-0393-40c7-817b-2e24e5069045"><testcase classname="backend.tests.backend_test" name="test_root" time="0.122" /><testcase classname="backend.tests.backend_test" name="test_categories" time="0.057" /><testcase classname="backend.tests.backend_test" name="test_articles_list" time="0.051" /><testcase classname="backend.tests.backend_test" name="test_articles_filter_category" time="0.056" /><testcase classname="backend.tests.backend_test" name="test_articles_featured" time="0.049" /><testcase classname="backend.tests.backend_test" name="test_articles_search" time="0.052" /><testcase classname="backend.tests.backend_test" name="test_articles_popular" time="0.051" /><testcase classname="backend.tests.backend_test" name="test_article_by_slug_and_views" time="0.111" /><testcase classname="backend.tests.backend_test" name="test_article_related" time="0.071" /><testcase classname="backend.tests.backend_test" name="test_article_404" time="0.048" /><testcase classname="backend.tests.backend_test" name="test_contact_valid" time="0.064" /><testcase classname="backend.tests.backend_test" name="test_contact_invalid_email" time="0.047" /><testcase classname="backend.tests.backend_test" name="test_newsletter_idempotent" time="0.098" /><testcase classname="backend.tests.backend_test" name="test_stats" time="0.056" /><testcase classname="backend.tests.backend_test" name="test_ads_txt" time="0.053" /></testsuite></testsuites>